<?xml version="1.0" encoding="UTF-8"?>
<!-- Generated by org.testng.reporters.JUnitReportReporter -->
<testsuite name="com.experitest.auto.IOSDemoTest" tests="1" time="78.351" ignored="0" failures="0" timestamp="16 Dec 2019 13:16:33 GMT" skipped="0" hostname="Asingh-LT" errors="0">
  <testcase name="test" time="78.351" classname="com.experitest.auto.IOSDemoTest"/>
</testsuite> <!-- com.experitest.auto.IOSDemoTest -->
