<?xml version="1.0" encoding="UTF-8"?>
<!-- Generated by org.testng.reporters.JUnitReportReporter -->
<testsuite name="com.experitest.auto.AndroidDemoTest" tests="1" time="63.113" ignored="0" failures="0" timestamp="16 Dec 2019 13:16:33 GMT" skipped="0" hostname="Asingh-LT" errors="0">
  <testcase name="test" time="63.113" classname="com.experitest.auto.AndroidDemoTest"/>
</testsuite> <!-- com.experitest.auto.AndroidDemoTest -->
